<?xml version="1.0" encoding="UTF-8"?>
<testng-results skipped="0" failed="0" ignored="0" total="1" passed="1">
  <reporter-output>
  </reporter-output>
  <suite name="Default suite" duration-ms="12677" started-at="2017-11-01T10:45:16Z" finished-at="2017-11-01T10:45:28Z">
    <groups>
    </groups>
    <test name="Default test" duration-ms="12677" started-at="2017-11-01T10:45:16Z" finished-at="2017-11-01T10:45:28Z">
      <class name="com.guru99.Testcases.VerifyGuru99LoginThruPageFactory">
        <test-method status="PASS" signature="VerifyLoginThuPageFactory()[pri:0, instance:com.guru99.Testcases.VerifyGuru99LoginThruPageFactory@29ee9faa]" name="VerifyLoginThuPageFactory" duration-ms="12607" started-at="2017-11-01T16:15:16Z" finished-at="2017-11-01T16:15:28Z">
          <reporter-output>
          </reporter-output>
        </test-method> <!-- VerifyLoginThuPageFactory -->
      </class> <!-- com.guru99.Testcases.VerifyGuru99LoginThruPageFactory -->
    </test> <!-- Default test -->
  </suite> <!-- Default suite -->
</testng-results>
