<?xml version="1.0" encoding="UTF-8"?>
<testng-results skipped="0" failed="0" ignored="0" total="1" passed="1">
  <reporter-output>
  </reporter-output>
  <suite name="Default suite" duration-ms="6458" started-at="2018-05-13T12:37:38Z" finished-at="2018-05-13T12:37:45Z">
    <groups>
    </groups>
    <test name="Default test" duration-ms="6458" started-at="2018-05-13T12:37:38Z" finished-at="2018-05-13T12:37:45Z">
      <class name="SimpleGetTest">
        <test-method status="PASS" signature="GetWeatherDetails()[pri:0, instance:SimpleGetTest@4f933fd1]" name="GetWeatherDetails" duration-ms="6366" started-at="2018-05-13T18:07:38Z" finished-at="2018-05-13T18:07:45Z">
          <reporter-output>
          </reporter-output>
        </test-method> <!-- GetWeatherDetails -->
      </class> <!-- SimpleGetTest -->
    </test> <!-- Default test -->
  </suite> <!-- Default suite -->
</testng-results>
